<?xml version="1.0" encoding="UTF-8"?>
<!-- Generated by org.testng.reporters.JUnitXMLReporter -->
<testsuite ignored="0" hostname="LAPTOP-QPCG3B49" failures="2" tests="7" name="MultiBrowsing" time="13.743" errors="0" timestamp="2023-04-12T07:45:26 IST">
  <testcase classname="com.obsqura.SuperMarket.LoginTest" name="verifyLoginPage" time="0.748"/>
  <testcase classname="com.obsqura.SuperMarket.LoginTest" name="verifyLoginPage" time="0.521"/>
  <testcase classname="com.obsqura.SuperMarket.LoginTest" name="verifyLoginPage" time="0.495"/>
  <testcase classname="com.obsqura.SuperMarket.LoginTest" name="verifyLoginPage" time="0.838"/>
  <testcase classname="com.obsqura.SuperMarket.HomeTest" name="verifyDeliveryBoy" time="0.0">
    <failure type="org.testng.TestNGException" message="
Parameter &amp;apos;name&amp;apos; is required by @Test on method verifyDeliveryBoy but has not been marked @Optional or defined
in C:\Users\renju\eclipse-workspace-obsqura\SuperMarket\MultiBrowsing.xml">
      <![CDATA[org.testng.TestNGException: 
Parameter 'name' is required by @Test on method verifyDeliveryBoy but has not been marked @Optional or defined
in C:\Users\renju\eclipse-workspace-obsqura\SuperMarket\MultiBrowsing.xml
at java.base/java.util.ArrayList.forEach(ArrayList.java:1511)
at java.base/java.util.concurrent.FutureTask.run(FutureTask.java:264)
at java.base/java.util.concurrent.ThreadPoolExecutor.runWorker(ThreadPoolExecutor.java:1136)
at java.base/java.util.concurrent.ThreadPoolExecutor$Worker.run(ThreadPoolExecutor.java:635)
at java.base/java.lang.Thread.run(Thread.java:833)
... Removed 17 stack frames]]>
    </failure>
  </testcase> <!-- verifyDeliveryBoy -->
  <testcase classname="com.obsqura.SuperMarket.HomeTest" name="verifyFontWeightofSearchButton" time="0.498"/>
  <testcase classname="com.obsqura.SuperMarket.HomeTest" name="verifyManagePages" time="0.0">
    <failure type="org.testng.TestNGException" message="
Parameter &amp;apos;title&amp;apos; is required by @Test on method verifyManagePages but has not been marked @Optional or defined
in C:\Users\renju\eclipse-workspace-obsqura\SuperMarket\MultiBrowsing.xml">
      <![CDATA[org.testng.TestNGException: 
Parameter 'title' is required by @Test on method verifyManagePages but has not been marked @Optional or defined
in C:\Users\renju\eclipse-workspace-obsqura\SuperMarket\MultiBrowsing.xml
at java.base/java.util.ArrayList.forEach(ArrayList.java:1511)
at java.base/java.util.concurrent.FutureTask.run(FutureTask.java:264)
at java.base/java.util.concurrent.ThreadPoolExecutor.runWorker(ThreadPoolExecutor.java:1136)
at java.base/java.util.concurrent.ThreadPoolExecutor$Worker.run(ThreadPoolExecutor.java:635)
at java.base/java.lang.Thread.run(Thread.java:833)
... Removed 17 stack frames]]>
    </failure>
  </testcase> <!-- verifyManagePages -->
</testsuite> <!-- MultiBrowsing -->
