<?xml version="1.0" encoding="UTF-8"?>
<!-- Generated by org.testng.reporters.JUnitXMLReporter -->
<testsuite ignored="0" hostname="LAPTOP-QPCG3B49" failures="3" tests="6" name="Test" time="11.267" errors="0" timestamp="2023-04-13T21:28:38 IST">
  <testcase classname="com.obsqura.testscripts.LoginTest" name="verifyingUsingValidCredentials" time="0.0">
    <failure type="org.testng.TestNGException" message="
Parameter &amp;apos;username&amp;apos; is required by @Test on method verifyingUsingValidCredentials but has not been marked @Optional or defined
in C:\Users\renju\eclipse-workspace-obsqura\SuperMarket\ParallelMethods.xml">
      <![CDATA[org.testng.TestNGException: 
Parameter 'username' is required by @Test on method verifyingUsingValidCredentials but has not been marked @Optional or defined
in C:\Users\renju\eclipse-workspace-obsqura\SuperMarket\ParallelMethods.xml
at java.base/java.util.concurrent.ThreadPoolExecutor.runWorker(ThreadPoolExecutor.java:1136)
at java.base/java.util.concurrent.ThreadPoolExecutor$Worker.run(ThreadPoolExecutor.java:635)
at java.base/java.lang.Thread.run(Thread.java:833)
... Removed 11 stack frames]]>
    </failure>
  </testcase> <!-- verifyingUsingValidCredentials -->
  <testcase classname="com.obsqura.testscripts.LoginTest" name="verifyingUsingInvalidCredentials" time="0.0">
    <failure type="org.testng.TestNGException" message="
Parameter &amp;apos;username&amp;apos; is required by @Test on method verifyingUsingInvalidCredentials but has not been marked @Optional or defined
in C:\Users\renju\eclipse-workspace-obsqura\SuperMarket\ParallelMethods.xml">
      <![CDATA[org.testng.TestNGException: 
Parameter 'username' is required by @Test on method verifyingUsingInvalidCredentials but has not been marked @Optional or defined
in C:\Users\renju\eclipse-workspace-obsqura\SuperMarket\ParallelMethods.xml
at java.base/java.util.concurrent.ThreadPoolExecutor.runWorker(ThreadPoolExecutor.java:1136)
at java.base/java.util.concurrent.ThreadPoolExecutor$Worker.run(ThreadPoolExecutor.java:635)
at java.base/java.lang.Thread.run(Thread.java:833)
... Removed 11 stack frames]]>
    </failure>
  </testcase> <!-- verifyingUsingInvalidCredentials -->
  <testcase classname="com.obsqura.testscripts.LoginTest" name="verifyLoginPage" time="1.376"/>
  <testcase classname="com.obsqura.testscripts.LoginTest" name="verifyLoginPage" time="0.543"/>
  <testcase classname="com.obsqura.testscripts.LoginTest" name="verifyLoginPage" time="0.526"/>
  <testcase classname="com.obsqura.testscripts.LoginTest" name="verifyLoginPage" time="0.762">
    <failure type="java.lang.AssertionError" message="Invalid Username &amp;amp; Password expected [Dashboard | 7rmart supermarket] but found [Login | 7rmart supermarket]">
      <![CDATA[java.lang.AssertionError: Invalid Username & Password expected [Dashboard | 7rmart supermarket] but found [Login | 7rmart supermarket]
at com.obsqura.testscripts.LoginTest.verifyLoginPage(LoginTest.java:40)
at java.base/java.util.concurrent.ThreadPoolExecutor.runWorker(ThreadPoolExecutor.java:1136)
at java.base/java.util.concurrent.ThreadPoolExecutor$Worker.run(ThreadPoolExecutor.java:635)
at java.base/java.lang.Thread.run(Thread.java:833)
... Removed 17 stack frames]]>
    </failure>
  </testcase> <!-- verifyLoginPage -->
</testsuite> <!-- Test -->
